<?xml version="1.0" encoding="UTF-8"?>
<testsuite name="com.example.javastatefulk8s.service.ShipNoticeServiceTest" tests="3" skipped="0" failures="0" errors="0" timestamp="2017-11-21T21:46:39" hostname="C02P377TG3QD" time="82.508">
  <properties/>
  <testcase name="loadShipNotice" classname="com.example.javastatefulk8s.service.ShipNoticeServiceTest" time="82.482"/>
  <testcase name="shipServiceIsUp" classname="com.example.javastatefulk8s.service.ShipNoticeServiceTest" time="0.022"/>
  <testcase name="contextLoads" classname="com.example.javastatefulk8s.service.ShipNoticeServiceTest" time="0.002"/>
  <system-out><![CDATA[2017-11-21 15:46:39.536  INFO 53129 --- [    Test worker] .b.t.c.SpringBootTestContextBootstrapper : Neither @ContextConfiguration nor @ContextHierarchy found for test class [com.example.javastatefulk8s.service.ShipNoticeServiceTest], using SpringBootContextLoader
2017-11-21 15:46:39.536  INFO 53129 --- [    Test worker] o.s.t.c.support.AbstractContextLoader    : Could not detect default resource locations for test class [com.example.javastatefulk8s.service.ShipNoticeServiceTest]: no resource found for suffixes {-context.xml, Context.groovy}.
2017-11-21 15:46:39.536  INFO 53129 --- [    Test worker] t.c.s.AnnotationConfigContextLoaderUtils : Could not detect default configuration classes for test class [com.example.javastatefulk8s.service.ShipNoticeServiceTest]: ShipNoticeServiceTest does not declare any static, non-private, non-final, nested classes annotated with @Configuration.
2017-11-21 15:46:39.547  INFO 53129 --- [    Test worker] .b.t.c.SpringBootTestContextBootstrapper : Found @SpringBootConfiguration com.example.javastatefulk8s.DemoApplication for test class com.example.javastatefulk8s.service.ShipNoticeServiceTest
2017-11-21 15:46:39.549  INFO 53129 --- [    Test worker] .b.t.c.SpringBootTestContextBootstrapper : Loaded default TestExecutionListener class names from location [META-INF/spring.factories]: [org.springframework.boot.test.mock.mockito.MockitoTestExecutionListener, org.springframework.boot.test.mock.mockito.ResetMocksTestExecutionListener, org.springframework.boot.test.autoconfigure.restdocs.RestDocsTestExecutionListener, org.springframework.boot.test.autoconfigure.web.client.MockRestServiceServerResetTestExecutionListener, org.springframework.boot.test.autoconfigure.web.servlet.MockMvcPrintOnlyOnFailureTestExecutionListener, org.springframework.boot.test.autoconfigure.web.servlet.WebDriverTestExecutionListener, org.springframework.test.context.web.ServletTestExecutionListener, org.springframework.test.context.support.DirtiesContextBeforeModesTestExecutionListener, org.springframework.test.context.support.DependencyInjectionTestExecutionListener, org.springframework.test.context.support.DirtiesContextTestExecutionListener, org.springframework.test.context.transaction.TransactionalTestExecutionListener, org.springframework.test.context.jdbc.SqlScriptsTestExecutionListener]
2017-11-21 15:46:39.551  INFO 53129 --- [    Test worker] .b.t.c.SpringBootTestContextBootstrapper : Using TestExecutionListeners: [org.springframework.test.context.web.ServletTestExecutionListener@2b6b2919, org.springframework.test.context.support.DirtiesContextBeforeModesTestExecutionListener@19994a3b, org.springframework.boot.test.autoconfigure.SpringBootDependencyInjectionTestExecutionListener@3b22f2fb, org.springframework.test.context.support.DirtiesContextTestExecutionListener@56d68481, org.springframework.test.context.transaction.TransactionalTestExecutionListener@24074ca3, org.springframework.test.context.jdbc.SqlScriptsTestExecutionListener@779c028a, org.springframework.boot.test.autoconfigure.restdocs.RestDocsTestExecutionListener@5b0583a8, org.springframework.boot.test.mock.mockito.ResetMocksTestExecutionListener@3915e6c5, org.springframework.boot.test.autoconfigure.web.servlet.WebDriverTestExecutionListener@27e9d710, org.springframework.boot.test.mock.mockito.MockitoTestExecutionListener@30761935, org.springframework.boot.test.autoconfigure.web.client.MockRestServiceServerResetTestExecutionListener@4799d450, org.springframework.boot.test.autoconfigure.web.servlet.MockMvcPrintOnlyOnFailureTestExecutionListener@512c31a8]
2017-11-21 15:46:41.286 DEBUG 53129 --- [o-auto-1-exec-1] stomAnnotationTransactionAttributeSource : Adding transactional method 'save' with attribute: PROPAGATION_REQUIRED,ISOLATION_DEFAULT; ''
]]></system-out>
  <system-err><![CDATA[]]></system-err>
</testsuite>
