<?xml version="1.0" encoding="UTF-8"?>
<testsuite name="com.example.javastatefulk8s.service.ShipNoticeServiceTest" tests="3" skipped="0" failures="0" errors="0" timestamp="2017-11-22T03:24:42" hostname="C02P377TG3QD" time="5.13">
  <properties/>
  <testcase name="loadShipNotice" classname="com.example.javastatefulk8s.service.ShipNoticeServiceTest" time="5.033"/>
  <testcase name="shipServiceIsUp" classname="com.example.javastatefulk8s.service.ShipNoticeServiceTest" time="0.071"/>
  <testcase name="contextLoads" classname="com.example.javastatefulk8s.service.ShipNoticeServiceTest" time="0.013"/>
  <system-out><![CDATA[2017-11-21 21:24:42.808  INFO 58944 --- [    Test worker] .b.t.c.SpringBootTestContextBootstrapper : Neither @ContextConfiguration nor @ContextHierarchy found for test class [com.example.javastatefulk8s.service.ShipNoticeServiceTest], using SpringBootContextLoader
2017-11-21 21:24:42.813  INFO 58944 --- [    Test worker] o.s.t.c.support.AbstractContextLoader    : Could not detect default resource locations for test class [com.example.javastatefulk8s.service.ShipNoticeServiceTest]: no resource found for suffixes {-context.xml, Context.groovy}.
2017-11-21 21:24:42.813  INFO 58944 --- [    Test worker] t.c.s.AnnotationConfigContextLoaderUtils : Could not detect default configuration classes for test class [com.example.javastatefulk8s.service.ShipNoticeServiceTest]: ShipNoticeServiceTest does not declare any static, non-private, non-final, nested classes annotated with @Configuration.
2017-11-21 21:24:42.839  INFO 58944 --- [    Test worker] .b.t.c.SpringBootTestContextBootstrapper : Found @SpringBootConfiguration com.example.javastatefulk8s.DemoApplication for test class com.example.javastatefulk8s.service.ShipNoticeServiceTest
2017-11-21 21:24:42.846  INFO 58944 --- [    Test worker] .b.t.c.SpringBootTestContextBootstrapper : Loaded default TestExecutionListener class names from location [META-INF/spring.factories]: [org.springframework.boot.test.mock.mockito.MockitoTestExecutionListener, org.springframework.boot.test.mock.mockito.ResetMocksTestExecutionListener, org.springframework.boot.test.autoconfigure.restdocs.RestDocsTestExecutionListener, org.springframework.boot.test.autoconfigure.web.client.MockRestServiceServerResetTestExecutionListener, org.springframework.boot.test.autoconfigure.web.servlet.MockMvcPrintOnlyOnFailureTestExecutionListener, org.springframework.boot.test.autoconfigure.web.servlet.WebDriverTestExecutionListener, org.springframework.test.context.web.ServletTestExecutionListener, org.springframework.test.context.support.DirtiesContextBeforeModesTestExecutionListener, org.springframework.test.context.support.DependencyInjectionTestExecutionListener, org.springframework.test.context.support.DirtiesContextTestExecutionListener, org.springframework.test.context.transaction.TransactionalTestExecutionListener, org.springframework.test.context.jdbc.SqlScriptsTestExecutionListener]
2017-11-21 21:24:42.850  INFO 58944 --- [    Test worker] .b.t.c.SpringBootTestContextBootstrapper : Using TestExecutionListeners: [org.springframework.test.context.web.ServletTestExecutionListener@1671acf6, org.springframework.test.context.support.DirtiesContextBeforeModesTestExecutionListener@6ee1305a, org.springframework.boot.test.autoconfigure.SpringBootDependencyInjectionTestExecutionListener@4eeed981, org.springframework.test.context.support.DirtiesContextTestExecutionListener@537a6f18, org.springframework.test.context.transaction.TransactionalTestExecutionListener@48776f9d, org.springframework.test.context.jdbc.SqlScriptsTestExecutionListener@2f73e529, org.springframework.boot.test.mock.mockito.MockitoTestExecutionListener@17e91397, org.springframework.boot.test.mock.mockito.ResetMocksTestExecutionListener@176bacdd, org.springframework.boot.test.autoconfigure.restdocs.RestDocsTestExecutionListener@6493222a, org.springframework.boot.test.autoconfigure.web.servlet.MockMvcPrintOnlyOnFailureTestExecutionListener@5479c93c, org.springframework.boot.test.autoconfigure.web.client.MockRestServiceServerResetTestExecutionListener@bd31d8f, org.springframework.boot.test.autoconfigure.web.servlet.WebDriverTestExecutionListener@4194456c]
2017-11-21 21:24:47.130 DEBUG 58944 --- [//newAsnChannel] stomAnnotationTransactionAttributeSource : Adding transactional method 'save' with attribute: PROPAGATION_REQUIRED,ISOLATION_DEFAULT; ''
]]></system-out>
  <system-err><![CDATA[]]></system-err>
</testsuite>
