<?xml version="1.0" encoding="UTF-8"?>
<testsuite name="com.example.javastatefulk8s.service.ShipNoticeServiceTest" tests="3" skipped="0" failures="0" errors="0" timestamp="2017-11-21T19:37:18" hostname="C02P377TG3QD" time="2.02">
  <properties/>
  <testcase name="loadShipNotice" classname="com.example.javastatefulk8s.service.ShipNoticeServiceTest" time="1.996"/>
  <testcase name="shipServiceIsUp" classname="com.example.javastatefulk8s.service.ShipNoticeServiceTest" time="0.019"/>
  <testcase name="contextLoads" classname="com.example.javastatefulk8s.service.ShipNoticeServiceTest" time="0.002"/>
  <system-out><![CDATA[2017-11-21 13:37:18.223  INFO 47869 --- [    Test worker] .b.t.c.SpringBootTestContextBootstrapper : Neither @ContextConfiguration nor @ContextHierarchy found for test class [com.example.javastatefulk8s.service.ShipNoticeServiceTest], using SpringBootContextLoader
2017-11-21 13:37:18.223  INFO 47869 --- [    Test worker] o.s.t.c.support.AbstractContextLoader    : Could not detect default resource locations for test class [com.example.javastatefulk8s.service.ShipNoticeServiceTest]: no resource found for suffixes {-context.xml, Context.groovy}.
2017-11-21 13:37:18.224  INFO 47869 --- [    Test worker] t.c.s.AnnotationConfigContextLoaderUtils : Could not detect default configuration classes for test class [com.example.javastatefulk8s.service.ShipNoticeServiceTest]: ShipNoticeServiceTest does not declare any static, non-private, non-final, nested classes annotated with @Configuration.
2017-11-21 13:37:18.232  INFO 47869 --- [    Test worker] .b.t.c.SpringBootTestContextBootstrapper : Found @SpringBootConfiguration com.example.javastatefulk8s.DemoApplication for test class com.example.javastatefulk8s.service.ShipNoticeServiceTest
2017-11-21 13:37:18.234  INFO 47869 --- [    Test worker] .b.t.c.SpringBootTestContextBootstrapper : Loaded default TestExecutionListener class names from location [META-INF/spring.factories]: [org.springframework.boot.test.mock.mockito.MockitoTestExecutionListener, org.springframework.boot.test.mock.mockito.ResetMocksTestExecutionListener, org.springframework.boot.test.autoconfigure.restdocs.RestDocsTestExecutionListener, org.springframework.boot.test.autoconfigure.web.client.MockRestServiceServerResetTestExecutionListener, org.springframework.boot.test.autoconfigure.web.servlet.MockMvcPrintOnlyOnFailureTestExecutionListener, org.springframework.boot.test.autoconfigure.web.servlet.WebDriverTestExecutionListener, org.springframework.test.context.web.ServletTestExecutionListener, org.springframework.test.context.support.DirtiesContextBeforeModesTestExecutionListener, org.springframework.test.context.support.DependencyInjectionTestExecutionListener, org.springframework.test.context.support.DirtiesContextTestExecutionListener, org.springframework.test.context.transaction.TransactionalTestExecutionListener, org.springframework.test.context.jdbc.SqlScriptsTestExecutionListener]
2017-11-21 13:37:18.237  INFO 47869 --- [    Test worker] .b.t.c.SpringBootTestContextBootstrapper : Using TestExecutionListeners: [org.springframework.test.context.web.ServletTestExecutionListener@3a71932f, org.springframework.test.context.support.DirtiesContextBeforeModesTestExecutionListener@670cea5c, org.springframework.boot.test.autoconfigure.SpringBootDependencyInjectionTestExecutionListener@3310e435, org.springframework.test.context.support.DirtiesContextTestExecutionListener@1c7eb064, org.springframework.test.context.transaction.TransactionalTestExecutionListener@2aa0a02f, org.springframework.test.context.jdbc.SqlScriptsTestExecutionListener@2afee12d, org.springframework.boot.test.autoconfigure.restdocs.RestDocsTestExecutionListener@1e7b890b, org.springframework.boot.test.autoconfigure.web.servlet.WebDriverTestExecutionListener@77efe730, org.springframework.boot.test.mock.mockito.MockitoTestExecutionListener@58e1903a, org.springframework.boot.test.autoconfigure.web.servlet.MockMvcPrintOnlyOnFailureTestExecutionListener@54bf582, org.springframework.boot.test.autoconfigure.web.client.MockRestServiceServerResetTestExecutionListener@47ba07f1, org.springframework.boot.test.mock.mockito.ResetMocksTestExecutionListener@4f64be51]
2017-11-21 13:37:19.776 DEBUG 47869 --- [o-auto-1-exec-1] stomAnnotationTransactionAttributeSource : Adding transactional method 'save' with attribute: PROPAGATION_REQUIRED,ISOLATION_DEFAULT; ''
]]></system-out>
  <system-err><![CDATA[]]></system-err>
</testsuite>
